<?xml version="1.0" encoding="UTF-8"?>
<!-- Generated by org.testng.reporters.JUnitReportReporter -->
<testsuite hostname="portable" name="fr.loyat.kata5.TestBloomFilterTest" tests="1" failures="0" timestamp="30 Jul 2012 11:16:14 GMT" time="0,056" errors="0">
  <testcase name="testAdd" time="0,056" classname="fr.loyat.kata5.TestBloomFilterTest"/>
</testsuite>
